2025-02-04 16:27:35,094 - INFO - Added income - food: $1000.00
2025-02-04 16:28:17,034 - INFO - Added income - salary: $10000.00
2025-02-04 16:28:32,780 - INFO - Added expense - shopping: $1000.00
2025-02-04 16:31:29,749 - INFO - Added income - Salary: $100.00
2025-02-04 16:31:29,773 - INFO - Added income - Salary: $100.00
2025-02-04 16:31:29,779 - INFO - Added expense - Food: $50.00
2025-02-04 16:33:49,152 - INFO - Added income - Salary: $100.00
2025-02-04 16:33:49,183 - INFO - Added income - Salary: $100.00
2025-02-04 16:33:49,194 - INFO - Added expense - Food: $50.00
2025-02-04 16:42:50,568 - INFO - Added income - water: $50.00
2025-02-04 16:42:58,628 - INFO - Added expense - water: $50.00
2025-02-04 16:43:11,835 - INFO - Added income - gift: $500.00
2025-02-04 16:44:37,661 - INFO - Added income - Salary: $100.00
2025-02-04 16:44:37,682 - INFO - Added income - Salary: $100.00
2025-02-04 16:44:37,684 - INFO - Added expense - Food: $50.00
2025-02-04 16:44:37,709 - INFO - Added income - Salary: $100.00
2025-02-04 16:44:37,712 - INFO - Added expense - Food: $50.00
2025-02-04 16:45:09,511 - INFO - Added income - Salary: $100.00
2025-02-04 16:45:09,532 - INFO - Added income - Salary: $100.00
2025-02-04 16:45:09,536 - INFO - Added expense - Food: $50.00
2025-02-04 16:45:09,566 - INFO - Added income - Salary: $100.00
2025-02-04 16:45:09,569 - INFO - Added expense - Food: $50.00
2025-02-04 16:47:12,343 - INFO - Added income - Salary: $100.00
2025-02-04 16:47:12,362 - INFO - Added income - Salary: $100.00
2025-02-04 16:47:12,364 - INFO - Added expense - Food: $50.00
2025-02-04 16:47:12,401 - INFO - Added income - Salary: $100.00
2025-02-04 16:47:12,402 - INFO - Added expense - Food: $50.00
